Logfile initialized
[INFO] logfile = /Users/JasonO/Dev/appc/TiBountyHunter/build.log
[DEBUG] /Users/JasonO/Library/Application Support/Titanium/mobilesdk/osx/2.1.2.GA/android/builder.py simulator TiBountyHunter /Applications/android-sdk-macosx /Users/JasonO/Dev/appc/TiBountyHunter com.centralaz.tibh 26 WVGA854 
[INFO] Building TiBountyHunter for Android ... one moment
[INFO] Titanium SDK version: 2.1.2 (08/24/12 14:46 ed7f777)
[DEBUG] Waiting for device to be ready ...
[TRACE] adb devices returned 1 devices/emulators
[DEBUG] Device connected... (waited 0 seconds)
[DEBUG] waited 0.016184 seconds on emulator to get ready
[DEBUG] com.centralaz.tibh installed? True
[INFO] Fastdev server running, deploying in Fastdev mode
[INFO] Copying CommonJS modules...
[INFO] Copying project resources..
[INFO] Tiapp.xml unchanged, skipping class generation
[DEBUG] Processing Android resource drawables
[DEBUG] found drawable-long-land-hdpi splash screen at /Users/JasonO/Dev/appc/TiBountyHunter/Resources/android/images/res-long-land-hdpi/default.png
[DEBUG] found drawable-long-land-ldpi splash screen at /Users/JasonO/Dev/appc/TiBountyHunter/Resources/android/images/res-long-land-ldpi/default.png
[DEBUG] found drawable-long-port-hdpi splash screen at /Users/JasonO/Dev/appc/TiBountyHunter/Resources/android/images/res-long-port-hdpi/default.png
[DEBUG] found drawable-long-port-ldpi splash screen at /Users/JasonO/Dev/appc/TiBountyHunter/Resources/android/images/res-long-port-ldpi/default.png
[DEBUG] found drawable-notlong-land-hdpi splash screen at /Users/JasonO/Dev/appc/TiBountyHunter/Resources/android/images/res-notlong-land-hdpi/default.png
[DEBUG] found drawable-notlong-land-ldpi splash screen at /Users/JasonO/Dev/appc/TiBountyHunter/Resources/android/images/res-notlong-land-ldpi/default.png
[DEBUG] found drawable-notlong-land-mdpi splash screen at /Users/JasonO/Dev/appc/TiBountyHunter/Resources/android/images/res-notlong-land-mdpi/default.png
[DEBUG] found drawable-notlong-port-hdpi splash screen at /Users/JasonO/Dev/appc/TiBountyHunter/Resources/android/images/res-notlong-port-hdpi/default.png
[DEBUG] found drawable-notlong-port-ldpi splash screen at /Users/JasonO/Dev/appc/TiBountyHunter/Resources/android/images/res-notlong-port-ldpi/default.png
[DEBUG] found drawable-notlong-port-mdpi splash screen at /Users/JasonO/Dev/appc/TiBountyHunter/Resources/android/images/res-notlong-port-mdpi/default.png
[INFO] Waiting for SDCard to become available..
[INFO] Re-launching application ... TiBountyHunter
[INFO] Launching application ... TiBountyHunter
[TRACE] Launch output: Starting: Intent { act=android.intent.action.MAIN cat=[android.intent.category.LAUNCHER] flg=0x10200000 cmp=com.centralaz.tibh/.TibountyhunterActivity }
Warning: Activity not started, its current task has been brought to the front

[INFO] Android Emulator has exited
